[INFO ] 2018-01-07 12:06:49.947 [main] CurrenciesApplicationTests - Starting CurrenciesApplicationTests on DESKTOP-645KMI4 with PID 8736 (started by mark_ in C:\Users\mark_\workspace\currencies)
[INFO ] 2018-01-07 12:06:49.952 [main] CurrenciesApplicationTests - No active profile set, falling back to default profiles: default
[INFO ] 2018-01-07 12:06:54.688 [main] CurrenciesApplicationTests - Started CurrenciesApplicationTests in 4.983 seconds (JVM running for 5.9)
[INFO ] 2018-01-07 12:06:54.813 [main] CurrenciesController - Info methode get aangeroepen voor alle currencies
[INFO ] 2018-01-07 12:17:34.807 [main] CurrenciesApplicationTests - Starting CurrenciesApplicationTests on DESKTOP-645KMI4 with PID 3692 (started by mark_ in C:\Users\mark_\workspace\currencies)
[INFO ] 2018-01-07 12:17:34.813 [main] CurrenciesApplicationTests - No active profile set, falling back to default profiles: default
[INFO ] 2018-01-07 12:17:39.493 [main] CurrenciesApplicationTests - Started CurrenciesApplicationTests in 4.913 seconds (JVM running for 5.838)
[INFO ] 2018-01-07 12:17:39.655 [main] CurrenciesController - Info methode get aangeroepen voor alle currencies
[INFO ] 2018-01-07 12:17:39.949 [main] CurrenciesController - Info methode get aangeroepen voor alle currencies
[INFO ] 2018-01-07 12:17:39.963 [main] CurrenciesController - Info methode get aangeroepen voor alle currencies
[INFO ] 2018-01-07 12:17:39.973 [main] CurrenciesController - Info methode get aangeroepen voor alle currencies
[INFO ] 2018-01-07 12:17:59.298 [main] CurrenciesApplicationTests - Starting CurrenciesApplicationTests on DESKTOP-645KMI4 with PID 9592 (started by mark_ in C:\Users\mark_\workspace\currencies)
[INFO ] 2018-01-07 12:17:59.303 [main] CurrenciesApplicationTests - No active profile set, falling back to default profiles: default
[INFO ] 2018-01-07 12:18:04.263 [main] CurrenciesApplicationTests - Started CurrenciesApplicationTests in 5.193 seconds (JVM running for 6.238)
[INFO ] 2018-01-07 12:18:04.404 [main] CurrenciesController - Info methode get aangeroepen met ticker: BTC
[INFO ] 2018-01-07 12:25:22.576 [main] CurrenciesApplicationTests - Starting CurrenciesApplicationTests on DESKTOP-645KMI4 with PID 12524 (started by mark_ in C:\Users\mark_\workspace\currencies)
[INFO ] 2018-01-07 12:25:22.580 [main] CurrenciesApplicationTests - No active profile set, falling back to default profiles: default
[INFO ] 2018-01-07 12:25:27.373 [main] CurrenciesApplicationTests - Started CurrenciesApplicationTests in 5.037 seconds (JVM running for 6.059)
[INFO ] 2018-01-07 12:25:27.550 [main] CurrenciesController - Info methode get aangeroepen voor alle currencies
[INFO ] 2018-01-07 12:25:27.908 [main] CurrenciesController - Info methode get aangeroepen met ticker: BTC
[INFO ] 2018-01-07 12:25:27.959 [main] CurrenciesController - Info methode get aangeroepen voor alle currencies
[INFO ] 2018-01-07 12:25:27.975 [main] CurrenciesController - Info methode get aangeroepen voor alle currencies
[INFO ] 2018-01-07 12:25:27.985 [main] CurrenciesController - Info methode get aangeroepen voor alle currencies
[INFO ] 2018-01-07 12:28:23.155 [main] CurrenciesApplicationTests - Starting CurrenciesApplicationTests on DESKTOP-645KMI4 with PID 3884 (started by mark_ in C:\Users\mark_\workspace\currencies)
[INFO ] 2018-01-07 12:28:23.160 [main] CurrenciesApplicationTests - No active profile set, falling back to default profiles: default
[INFO ] 2018-01-07 12:28:28.155 [main] CurrenciesApplicationTests - Started CurrenciesApplicationTests in 5.25 seconds (JVM running for 6.174)
[INFO ] 2018-01-07 12:28:28.287 [main] CurrenciesController - Info methode get aangeroepen voor alle currencies
[INFO ] 2018-01-07 12:28:28.545 [main] CurrenciesController - Info methode get aangeroepen met ticker: BTC
[INFO ] 2018-01-07 12:28:28.573 [main] CurrenciesController - Info methode get aangeroepen voor alle currencies
[INFO ] 2018-01-07 12:28:28.584 [main] CurrenciesController - Info methode get aangeroepen voor alle currencies
[INFO ] 2018-01-07 12:28:28.596 [main] CurrenciesController - Info methode get aangeroepen voor alle currencies
[INFO ] 2018-01-07 12:31:53.442 [main] CurrenciesApplicationTests - Starting CurrenciesApplicationTests on DESKTOP-645KMI4 with PID 6436 (started by mark_ in C:\Users\mark_\workspace\currencies)
[INFO ] 2018-01-07 12:31:53.447 [main] CurrenciesApplicationTests - No active profile set, falling back to default profiles: default
[INFO ] 2018-01-07 12:31:58.175 [main] CurrenciesApplicationTests - Started CurrenciesApplicationTests in 4.995 seconds (JVM running for 6.073)
[INFO ] 2018-01-07 12:31:58.412 [main] CurrenciesController - Info methode get aangeroepen voor alle currencies
[INFO ] 2018-01-07 12:31:58.776 [main] CurrenciesController - Info methode get aangeroepen met ticker: BTC
[INFO ] 2018-01-07 12:31:58.824 [main] CurrenciesController - Info methode get aangeroepen voor alle currencies
[INFO ] 2018-01-07 12:31:58.843 [main] CurrenciesController - Info methode get aangeroepen voor alle currencies
[INFO ] 2018-01-07 12:31:58.854 [main] CurrenciesController - Info methode get aangeroepen voor alle currencies
[INFO ] 2018-01-07 12:35:38.742 [main] CurrenciesApplicationTests - Starting CurrenciesApplicationTests on DESKTOP-645KMI4 with PID 13188 (started by mark_ in C:\Users\mark_\workspace\currencies)
[INFO ] 2018-01-07 12:35:38.747 [main] CurrenciesApplicationTests - No active profile set, falling back to default profiles: default
[INFO ] 2018-01-07 12:35:43.515 [main] CurrenciesApplicationTests - Started CurrenciesApplicationTests in 5.012 seconds (JVM running for 6.016)
[INFO ] 2018-01-07 12:35:43.730 [main] CurrenciesController - Info methode get aangeroepen voor alle currencies
[INFO ] 2018-01-07 12:35:44.127 [main] CurrenciesController - Info methode get aangeroepen met ticker: BTC
[INFO ] 2018-01-07 12:35:44.165 [main] CurrenciesController - Info methode get aangeroepen voor alle currencies
[INFO ] 2018-01-07 12:35:44.177 [main] CurrenciesController - Info methode get aangeroepen voor alle currencies
[INFO ] 2018-01-07 12:35:44.187 [main] CurrenciesController - Info methode get aangeroepen voor alle currencies
[INFO ] 2018-01-07 12:36:43.479 [main] CurrenciesApplicationTests - Starting CurrenciesApplicationTests on DESKTOP-645KMI4 with PID 6688 (started by mark_ in C:\Users\mark_\workspace\currencies)
[INFO ] 2018-01-07 12:36:43.484 [main] CurrenciesApplicationTests - No active profile set, falling back to default profiles: default
[INFO ] 2018-01-07 12:36:48.161 [main] CurrenciesApplicationTests - Started CurrenciesApplicationTests in 4.933 seconds (JVM running for 5.958)
[INFO ] 2018-01-07 12:36:48.280 [main] CurrenciesController - Info methode get aangeroepen met ticker: BTC
[INFO ] 2018-01-07 12:59:52.896 [main] CurrenciesApplicationTests - Starting CurrenciesApplicationTests on DESKTOP-645KMI4 with PID 9860 (started by mark_ in C:\Users\mark_\workspace\currencies)
[INFO ] 2018-01-07 12:59:52.902 [main] CurrenciesApplicationTests - No active profile set, falling back to default profiles: default
[INFO ] 2018-01-07 12:59:57.980 [main] CurrenciesApplicationTests - Started CurrenciesApplicationTests in 5.334 seconds (JVM running for 6.303)
[INFO ] 2018-01-07 12:59:58.131 [main] CurrenciesController - Info methode get aangeroepen voor alle currencies
[INFO ] 2018-01-07 12:59:58.356 [main] CurrenciesController - Info methode get aangeroepen met ticker: BTC
[INFO ] 2018-01-07 12:59:58.387 [main] CurrenciesController - Info methode get aangeroepen voor alle currencies
[INFO ] 2018-01-07 12:59:58.396 [main] CurrenciesController - Info methode get aangeroepen voor alle currencies
[INFO ] 2018-01-07 12:59:58.409 [main] CurrenciesController - Info methode get aangeroepen voor alle currencies
[INFO ] 2018-01-07 13:01:11.698 [main] CurrenciesApplicationTests - Starting CurrenciesApplicationTests on DESKTOP-645KMI4 with PID 6196 (started by mark_ in C:\Users\mark_\workspace\currencies)
[INFO ] 2018-01-07 13:01:11.703 [main] CurrenciesApplicationTests - No active profile set, falling back to default profiles: default
[INFO ] 2018-01-07 13:01:16.906 [main] CurrenciesApplicationTests - Started CurrenciesApplicationTests in 5.455 seconds (JVM running for 6.546)
[INFO ] 2018-01-07 13:01:17.062 [main] CurrenciesController - Info methode get aangeroepen voor alle currencies
[INFO ] 2018-01-07 13:01:28.025 [main] CurrenciesApplicationTests - Starting CurrenciesApplicationTests on DESKTOP-645KMI4 with PID 11392 (started by mark_ in C:\Users\mark_\workspace\currencies)
[INFO ] 2018-01-07 13:01:28.029 [main] CurrenciesApplicationTests - No active profile set, falling back to default profiles: default
[INFO ] 2018-01-07 13:01:32.792 [main] CurrenciesApplicationTests - Started CurrenciesApplicationTests in 4.998 seconds (JVM running for 6.102)
[INFO ] 2018-01-07 13:07:30.782 [main] CurrenciesApplicationTests - Starting CurrenciesApplicationTests on DESKTOP-645KMI4 with PID 2272 (started by mark_ in C:\Users\mark_\workspace\currencies)
[INFO ] 2018-01-07 13:07:30.787 [main] CurrenciesApplicationTests - No active profile set, falling back to default profiles: default
[INFO ] 2018-01-07 13:07:35.845 [main] CurrenciesApplicationTests - Started CurrenciesApplicationTests in 5.307 seconds (JVM running for 6.236)
[INFO ] 2018-01-07 13:07:35.984 [main] CurrenciesController - Info methode get aangeroepen voor alle currencies
[INFO ] 2018-01-07 13:07:36.211 [main] CurrenciesController - Info methode get aangeroepen met ticker: BTC
[INFO ] 2018-01-07 13:07:36.279 [main] CurrenciesController - Info methode post aangeroepen met currency: com.api.currencies.start.Currency@2c56eba5
[INFO ] 2018-01-07 13:07:36.310 [main] CurrenciesController - Info methode get aangeroepen voor alle currencies
[INFO ] 2018-01-07 13:07:36.323 [main] CurrenciesController - Info methode get aangeroepen voor alle currencies
[INFO ] 2018-01-07 13:10:58.108 [main] CurrenciesApplicationTests - Starting CurrenciesApplicationTests on DESKTOP-645KMI4 with PID 12852 (started by mark_ in C:\Users\mark_\workspace\currencies)
[INFO ] 2018-01-07 13:10:58.112 [main] CurrenciesApplicationTests - No active profile set, falling back to default profiles: default
[INFO ] 2018-01-07 13:11:02.948 [main] CurrenciesApplicationTests - Started CurrenciesApplicationTests in 5.066 seconds (JVM running for 6.013)
[INFO ] 2018-01-07 13:11:03.118 [main] CurrenciesController - Info methode get aangeroepen voor alle currencies
[INFO ] 2018-01-07 13:11:03.372 [main] CurrenciesController - Info methode get aangeroepen met ticker: BTC
[INFO ] 2018-01-07 13:11:03.450 [main] CurrenciesController - Info methode post aangeroepen met currency: com.api.currencies.start.Currency@290c266c
[INFO ] 2018-01-07 13:11:03.484 [main] CurrenciesController - Info methode get aangeroepen voor alle currencies
[INFO ] 2018-01-07 13:11:03.497 [main] CurrenciesController - Info methode get aangeroepen voor alle currencies
[INFO ] 2018-01-07 13:13:07.132 [main] CurrenciesApplicationTests - Starting CurrenciesApplicationTests on DESKTOP-645KMI4 with PID 9716 (started by mark_ in C:\Users\mark_\workspace\currencies)
[INFO ] 2018-01-07 13:13:07.137 [main] CurrenciesApplicationTests - No active profile set, falling back to default profiles: default
[INFO ] 2018-01-07 13:13:12.098 [main] CurrenciesApplicationTests - Started CurrenciesApplicationTests in 5.2 seconds (JVM running for 6.101)
[INFO ] 2018-01-07 13:13:12.214 [main] CurrenciesController - Info methode get aangeroepen met ticker: BTC
[INFO ] 2018-01-07 13:13:21.597 [main] CurrenciesApplicationTests - Starting CurrenciesApplicationTests on DESKTOP-645KMI4 with PID 8476 (started by mark_ in C:\Users\mark_\workspace\currencies)
[INFO ] 2018-01-07 13:13:21.601 [main] CurrenciesApplicationTests - No active profile set, falling back to default profiles: default
[INFO ] 2018-01-07 13:13:26.438 [main] CurrenciesApplicationTests - Started CurrenciesApplicationTests in 5.071 seconds (JVM running for 6.044)
[INFO ] 2018-01-07 13:13:26.606 [main] CurrenciesController - Info methode get aangeroepen voor alle currencies
[INFO ] 2018-01-07 13:13:26.837 [main] CurrenciesController - Info methode get aangeroepen met ticker: BTC
[INFO ] 2018-01-07 13:13:26.894 [main] CurrenciesController - Info methode post aangeroepen met currency: com.api.currencies.start.Currency@288409f0
[INFO ] 2018-01-07 13:13:26.924 [main] CurrenciesController - Info methode get aangeroepen voor alle currencies
[INFO ] 2018-01-07 13:13:26.942 [main] CurrenciesController - Info methode get aangeroepen voor alle currencies
[INFO ] 2018-01-07 13:13:46.588 [main] CurrenciesApplicationTests - Starting CurrenciesApplicationTests on DESKTOP-645KMI4 with PID 10904 (started by mark_ in C:\Users\mark_\workspace\currencies)
[INFO ] 2018-01-07 13:13:46.592 [main] CurrenciesApplicationTests - No active profile set, falling back to default profiles: default
[INFO ] 2018-01-07 13:13:51.628 [main] CurrenciesApplicationTests - Started CurrenciesApplicationTests in 5.379 seconds (JVM running for 6.277)
[INFO ] 2018-01-07 13:13:53.197 [main] CurrenciesController - Info methode post aangeroepen met currency: com.api.currencies.start.Currency@652b3733
[INFO ] 2018-01-07 13:14:40.107 [main] CurrenciesApplicationTests - Starting CurrenciesApplicationTests on DESKTOP-645KMI4 with PID 8496 (started by mark_ in C:\Users\mark_\workspace\currencies)
[INFO ] 2018-01-07 13:14:40.112 [main] CurrenciesApplicationTests - No active profile set, falling back to default profiles: default
[INFO ] 2018-01-07 13:14:45.072 [main] CurrenciesApplicationTests - Started CurrenciesApplicationTests in 5.192 seconds (JVM running for 6.089)
[INFO ] 2018-01-07 13:14:45.273 [main] CurrenciesController - Info methode post aangeroepen met currency: com.api.currencies.start.Currency@7ab1ad9
[INFO ] 2018-01-07 13:16:38.455 [main] CurrenciesApplicationTests - Starting CurrenciesApplicationTests on DESKTOP-645KMI4 with PID 8464 (started by mark_ in C:\Users\mark_\workspace\currencies)
[INFO ] 2018-01-07 13:16:38.459 [main] CurrenciesApplicationTests - No active profile set, falling back to default profiles: default
[INFO ] 2018-01-07 13:16:43.478 [main] CurrenciesApplicationTests - Started CurrenciesApplicationTests in 5.261 seconds (JVM running for 6.209)
[INFO ] 2018-01-07 13:16:43.763 [main] CurrenciesController - Info methode get aangeroepen met ticker: BTC
[INFO ] 2018-01-07 13:16:43.945 [main] CurrenciesController - Info methode post aangeroepen met currency: com.api.currencies.start.Currency@31b6fb14
[INFO ] 2018-01-07 13:16:43.981 [main] CurrenciesController - Info methode get aangeroepen voor alle currencies
[INFO ] 2018-01-07 13:16:44.006 [main] CurrenciesController - Info methode get aangeroepen voor alle currencies
[INFO ] 2018-01-07 13:17:55.271 [main] CurrenciesApplicationTests - Starting CurrenciesApplicationTests on DESKTOP-645KMI4 with PID 3884 (started by mark_ in C:\Users\mark_\workspace\currencies)
[INFO ] 2018-01-07 13:17:55.275 [main] CurrenciesApplicationTests - No active profile set, falling back to default profiles: default
[INFO ] 2018-01-07 13:17:59.885 [main] CurrenciesApplicationTests - Started CurrenciesApplicationTests in 4.927 seconds (JVM running for 5.86)
[INFO ] 2018-01-07 13:18:00.070 [main] CurrenciesController - Info methode put aangeroepen, currency wordt: com.api.currencies.start.Currency@652b3733
[INFO ] 2018-01-07 13:21:24.344 [main] CurrenciesApplicationTests - Starting CurrenciesApplicationTests on DESKTOP-645KMI4 with PID 8080 (started by mark_ in C:\Users\mark_\workspace\currencies)
[INFO ] 2018-01-07 13:21:24.348 [main] CurrenciesApplicationTests - No active profile set, falling back to default profiles: default
[INFO ] 2018-01-07 13:21:29.333 [main] CurrenciesApplicationTests - Started CurrenciesApplicationTests in 5.211 seconds (JVM running for 6.147)
[INFO ] 2018-01-07 13:21:29.572 [main] CurrenciesController - Info methode put aangeroepen, currency wordt: com.api.currencies.start.Currency@6141647f
[INFO ] 2018-01-07 13:21:29.635 [main] CurrenciesController - Info methode get aangeroepen met ticker: ETH
[INFO ] 2018-01-07 13:24:39.531 [main] CurrenciesApplicationTests - Starting CurrenciesApplicationTests on DESKTOP-645KMI4 with PID 9708 (started by mark_ in C:\Users\mark_\workspace\currencies)
[INFO ] 2018-01-07 13:24:39.535 [main] CurrenciesApplicationTests - No active profile set, falling back to default profiles: default
[INFO ] 2018-01-07 13:24:44.356 [main] CurrenciesApplicationTests - Started CurrenciesApplicationTests in 5.069 seconds (JVM running for 6.006)
[INFO ] 2018-01-07 13:24:44.647 [main] CurrenciesController - Info methode put aangeroepen, currency wordt: com.api.currencies.start.Currency@126a9a3d
[INFO ] 2018-01-07 13:24:44.712 [main] CurrenciesController - Info methode get aangeroepen met ticker: ETH
[INFO ] 2018-01-07 13:24:44.895 [main] CurrenciesController - Info methode get aangeroepen met ticker: BTC
[INFO ] 2018-01-07 13:24:44.908 [main] CurrenciesController - Info methode post aangeroepen met currency: com.api.currencies.start.Currency@50f3ba6a
[INFO ] 2018-01-07 13:24:44.931 [main] CurrenciesController - Info methode get aangeroepen voor alle currencies
[INFO ] 2018-01-07 13:24:44.955 [main] CurrenciesController - Info methode post aangeroepen met currency: com.api.currencies.start.Currency@e4b54d3
[INFO ] 2018-01-07 13:24:44.957 [main] CurrenciesController - Info methode get aangeroepen met ticker: test
[INFO ] 2018-01-07 13:24:44.960 [main] CurrenciesController - Info methode delete aangeroepen met ticker: test
[INFO ] 2018-01-07 13:28:13.647 [main] CurrenciesApplicationTests - Starting CurrenciesApplicationTests on DESKTOP-645KMI4 with PID 12764 (started by mark_ in C:\Users\mark_\workspace\currencies)
[INFO ] 2018-01-07 13:28:13.651 [main] CurrenciesApplicationTests - No active profile set, falling back to default profiles: default
[INFO ] 2018-01-07 13:28:18.545 [main] CurrenciesApplicationTests - Started CurrenciesApplicationTests in 5.142 seconds (JVM running for 6.042)
[INFO ] 2018-01-07 13:28:18.704 [main] CurrenciesController - Info methode put aangeroepen, currency wordt: com.api.currencies.start.Currency@63e70bf9
[INFO ] 2018-01-07 13:28:18.765 [main] CurrenciesController - Info methode get aangeroepen met ticker: ETH
[INFO ] 2018-01-07 13:28:18.911 [main] CurrenciesController - Info methode get aangeroepen met ticker: BTC
[INFO ] 2018-01-07 13:28:18.946 [main] CurrenciesController - Info methode post aangeroepen met currency: com.api.currencies.start.Currency@8549c5f
[INFO ] 2018-01-07 13:28:18.956 [main] CurrenciesController - Info methode get aangeroepen voor alle currencies
[INFO ] 2018-01-07 13:28:18.981 [main] CurrenciesController - Info methode post aangeroepen met currency: com.api.currencies.start.Currency@75805562
[INFO ] 2018-01-07 13:28:18.984 [main] CurrenciesController - Info methode get aangeroepen met ticker: test
[INFO ] 2018-01-07 13:29:34.959 [main] CurrenciesApplicationTests - Starting CurrenciesApplicationTests on DESKTOP-645KMI4 with PID 1452 (started by mark_ in C:\Users\mark_\workspace\currencies)
[INFO ] 2018-01-07 13:29:34.964 [main] CurrenciesApplicationTests - No active profile set, falling back to default profiles: default
[INFO ] 2018-01-07 13:29:39.615 [main] CurrenciesApplicationTests - Started CurrenciesApplicationTests in 4.88 seconds (JVM running for 5.909)
[INFO ] 2018-01-07 13:29:39.911 [main] CurrenciesController - Info methode put aangeroepen, currency wordt: com.api.currencies.start.Currency@126a9a3d
[INFO ] 2018-01-07 13:29:39.984 [main] CurrenciesController - Info methode get aangeroepen met ticker: putTest
[INFO ] 2018-01-07 13:29:40.245 [main] CurrenciesController - Info methode get aangeroepen met ticker: BTC
[INFO ] 2018-01-07 13:29:40.274 [main] CurrenciesController - Info methode post aangeroepen met currency: com.api.currencies.start.Currency@5315266
[INFO ] 2018-01-07 13:29:40.291 [main] CurrenciesController - Info methode get aangeroepen voor alle currencies
[INFO ] 2018-01-07 13:29:40.322 [main] CurrenciesController - Info methode post aangeroepen met currency: com.api.currencies.start.Currency@2f73f0c7
[INFO ] 2018-01-07 13:29:40.325 [main] CurrenciesController - Info methode get aangeroepen met ticker: test
[INFO ] 2018-01-07 13:29:59.943 [main] CurrenciesApplicationTests - Starting CurrenciesApplicationTests on DESKTOP-645KMI4 with PID 8616 (started by mark_ in C:\Users\mark_\workspace\currencies)
[INFO ] 2018-01-07 13:29:59.948 [main] CurrenciesApplicationTests - No active profile set, falling back to default profiles: default
[INFO ] 2018-01-07 13:30:04.810 [main] CurrenciesApplicationTests - Started CurrenciesApplicationTests in 5.117 seconds (JVM running for 6.028)
[INFO ] 2018-01-07 13:30:04.991 [main] CurrenciesController - Info methode put aangeroepen, currency wordt: com.api.currencies.start.Currency@671da0f9
[INFO ] 2018-01-07 13:30:05.061 [main] CurrenciesController - Info methode get aangeroepen met ticker: putTest
[INFO ] 2018-01-07 13:30:05.221 [main] CurrenciesController - Info methode get aangeroepen met ticker: BTC
[INFO ] 2018-01-07 13:30:05.235 [main] CurrenciesController - Info methode post aangeroepen met currency: com.api.currencies.start.Currency@2ceb68a1
[INFO ] 2018-01-07 13:30:05.246 [main] CurrenciesController - Info methode get aangeroepen voor alle currencies
[INFO ] 2018-01-07 13:30:05.274 [main] CurrenciesController - Info methode post aangeroepen met currency: com.api.currencies.start.Currency@4152bd0f
[INFO ] 2018-01-07 13:30:05.276 [main] CurrenciesController - Info methode get aangeroepen met ticker: test
[INFO ] 2018-01-07 13:30:51.044 [main] CurrenciesApplicationTests - Starting CurrenciesApplicationTests on DESKTOP-645KMI4 with PID 1152 (started by mark_ in C:\Users\mark_\workspace\currencies)
[INFO ] 2018-01-07 13:30:51.048 [main] CurrenciesApplicationTests - No active profile set, falling back to default profiles: default
[INFO ] 2018-01-07 13:30:55.924 [main] CurrenciesApplicationTests - Started CurrenciesApplicationTests in 5.133 seconds (JVM running for 6.018)
[INFO ] 2018-01-07 13:30:56.100 [main] CurrenciesController - Info methode put aangeroepen, currency wordt: com.api.currencies.start.Currency@7db47323
[INFO ] 2018-01-07 13:30:56.152 [main] CurrenciesController - Info methode get aangeroepen met ticker: putTest
[INFO ] 2018-01-07 13:30:56.310 [main] CurrenciesController - Info methode get aangeroepen met ticker: BTC
[INFO ] 2018-01-07 13:30:56.320 [main] CurrenciesController - Info methode post aangeroepen met currency: com.api.currencies.start.Currency@319aa9ee
[INFO ] 2018-01-07 13:30:56.329 [main] CurrenciesController - Info methode get aangeroepen voor alle currencies
[INFO ] 2018-01-07 13:30:56.350 [main] CurrenciesController - Info methode post aangeroepen met currency: com.api.currencies.start.Currency@5ad0c70a
[INFO ] 2018-01-07 13:30:56.352 [main] CurrenciesController - Info methode get aangeroepen met ticker: test
[INFO ] 2018-01-07 13:31:14.730 [main] CurrenciesApplicationTests - Starting CurrenciesApplicationTests on DESKTOP-645KMI4 with PID 11028 (started by mark_ in C:\Users\mark_\workspace\currencies)
[INFO ] 2018-01-07 13:31:14.734 [main] CurrenciesApplicationTests - No active profile set, falling back to default profiles: default
[INFO ] 2018-01-07 13:31:19.670 [main] CurrenciesApplicationTests - Started CurrenciesApplicationTests in 5.167 seconds (JVM running for 6.076)
[INFO ] 2018-01-07 13:31:19.855 [main] CurrenciesController - Info methode post aangeroepen met currency: com.api.currencies.start.Currency@686b1e2d
[INFO ] 2018-01-07 13:31:19.922 [main] CurrenciesController - Info methode get aangeroepen met ticker: deleteTest
[INFO ] 2018-01-07 13:31:33.065 [main] CurrenciesApplicationTests - Starting CurrenciesApplicationTests on DESKTOP-645KMI4 with PID 8956 (started by mark_ in C:\Users\mark_\workspace\currencies)
[INFO ] 2018-01-07 13:31:33.070 [main] CurrenciesApplicationTests - No active profile set, falling back to default profiles: default
[INFO ] 2018-01-07 13:31:37.767 [main] CurrenciesApplicationTests - Started CurrenciesApplicationTests in 5.039 seconds (JVM running for 5.957)
[INFO ] 2018-01-07 13:31:37.972 [main] CurrenciesController - Info methode post aangeroepen met currency: com.api.currencies.start.Currency@6c2883b1
[INFO ] 2018-01-07 13:31:38.029 [main] CurrenciesController - Info methode get aangeroepen met ticker: deleteTest
[INFO ] 2018-01-07 13:31:38.167 [main] CurrenciesController - Info methode delete aangeroepen met ticker: deleteTest
[INFO ] 2018-01-07 13:31:48.860 [main] CurrenciesApplicationTests - Starting CurrenciesApplicationTests on DESKTOP-645KMI4 with PID 6488 (started by mark_ in C:\Users\mark_\workspace\currencies)
[INFO ] 2018-01-07 13:31:48.865 [main] CurrenciesApplicationTests - No active profile set, falling back to default profiles: default
[INFO ] 2018-01-07 13:31:53.875 [main] CurrenciesApplicationTests - Started CurrenciesApplicationTests in 5.258 seconds (JVM running for 6.158)
[INFO ] 2018-01-07 13:31:54.081 [main] CurrenciesController - Info methode put aangeroepen, currency wordt: com.api.currencies.start.Currency@4315fe1b
[INFO ] 2018-01-07 13:31:54.168 [main] CurrenciesController - Info methode get aangeroepen met ticker: putTest
[INFO ] 2018-01-07 13:31:54.341 [main] CurrenciesController - Info methode get aangeroepen met ticker: BTC
[INFO ] 2018-01-07 13:31:54.352 [main] CurrenciesController - Info methode post aangeroepen met currency: com.api.currencies.start.Currency@18b04526
[INFO ] 2018-01-07 13:31:54.363 [main] CurrenciesController - Info methode get aangeroepen voor alle currencies
[INFO ] 2018-01-07 13:31:54.384 [main] CurrenciesController - Info methode post aangeroepen met currency: com.api.currencies.start.Currency@70777a65
[INFO ] 2018-01-07 13:31:54.387 [main] CurrenciesController - Info methode get aangeroepen met ticker: deleteTest
[INFO ] 2018-01-07 13:31:54.390 [main] CurrenciesController - Info methode delete aangeroepen met ticker: deleteTest
[INFO ] 2018-01-07 13:32:37.300 [main] CurrenciesApplicationTests - Starting CurrenciesApplicationTests on DESKTOP-645KMI4 with PID 5492 (started by mark_ in C:\Users\mark_\workspace\currencies)
[INFO ] 2018-01-07 13:32:37.305 [main] CurrenciesApplicationTests - No active profile set, falling back to default profiles: default
[INFO ] 2018-01-07 13:32:42.255 [main] CurrenciesApplicationTests - Started CurrenciesApplicationTests in 5.178 seconds (JVM running for 6.094)
[INFO ] 2018-01-07 13:32:42.462 [main] CurrenciesController - Info methode put aangeroepen, currency wordt: com.api.currencies.start.Currency@671da0f9
[INFO ] 2018-01-07 13:32:42.530 [main] CurrenciesController - Info methode get aangeroepen met ticker: putTest
[INFO ] 2018-01-07 13:32:42.691 [main] CurrenciesController - Info methode get aangeroepen met ticker: BTC
[INFO ] 2018-01-07 13:32:42.702 [main] CurrenciesController - Info methode post aangeroepen met currency: com.api.currencies.start.Currency@2ceb68a1
[INFO ] 2018-01-07 13:32:42.712 [main] CurrenciesController - Info methode get aangeroepen voor alle currencies
[INFO ] 2018-01-07 13:32:42.733 [main] CurrenciesController - Info methode post aangeroepen met currency: com.api.currencies.start.Currency@3220c28
[INFO ] 2018-01-07 13:32:42.735 [main] CurrenciesController - Info methode get aangeroepen met ticker: deleteTest
[INFO ] 2018-01-07 13:32:42.738 [main] CurrenciesController - Info methode delete aangeroepen met ticker: deleteTest
[INFO ] 2018-01-07 14:11:35.306 [main] CurrenciesApplicationTests - Starting CurrenciesApplicationTests on DESKTOP-645KMI4 with PID 12708 (started by mark_ in C:\Users\mark_\workspace\currencies)
[INFO ] 2018-01-07 14:11:35.310 [main] CurrenciesApplicationTests - No active profile set, falling back to default profiles: default
[INFO ] 2018-01-07 14:11:40.666 [main] CurrenciesApplicationTests - Started CurrenciesApplicationTests in 5.601 seconds (JVM running for 6.706)
[INFO ] 2018-01-07 14:11:40.907 [main] CurrencyController - Info methode put aangeroepen, currency wordt: com.api.currencies.start.Currency@4f3fec43
[INFO ] 2018-01-07 14:11:40.975 [main] CurrencyController - Info methode get aangeroepen met ticker: putTest
[INFO ] 2018-01-07 14:11:41.161 [main] CurrencyController - Info methode get aangeroepen met ticker: BTC
[INFO ] 2018-01-07 14:11:41.172 [main] CurrencyController - Info methode post aangeroepen met currency: com.api.currencies.start.Currency@4e5d5ac1
[INFO ] 2018-01-07 14:11:41.182 [main] CurrencyController - Info methode get aangeroepen voor alle currencies
[INFO ] 2018-01-07 14:11:41.202 [main] CurrencyController - Info methode post aangeroepen met currency: com.api.currencies.start.Currency@5b0e9e0c
[INFO ] 2018-01-07 14:11:41.205 [main] CurrencyController - Info methode get aangeroepen met ticker: deleteTest
[INFO ] 2018-01-07 14:11:41.208 [main] CurrencyController - Info methode delete aangeroepen met ticker: deleteTest
[INFO ] 2018-01-07 14:13:04.950 [main] CurrencyApplication - Starting CurrencyApplication on DESKTOP-645KMI4 with PID 6396 (C:\Users\mark_\workspace\currencies\target\classes started by mark_ in C:\Users\mark_\workspace\currencies)
[INFO ] 2018-01-07 14:13:05.029 [main] CurrencyApplication - No active profile set, falling back to default profiles: default
[INFO ] 2018-01-07 14:13:15.871 [main] CurrencyApplication - Started CurrencyApplication in 11.209 seconds (JVM running for 12.357)
[INFO ] 2018-01-07 14:13:37.712 [http-nio-8080-exec-9] CurrencyController - Info methode get aangeroepen voor alle currencies
[INFO ] 2018-01-07 14:14:00.247 [http-nio-8080-exec-8] CurrencyController - Info methode get aangeroepen voor alle currencies
[INFO ] 2018-01-07 14:14:24.972 [http-nio-8080-exec-10] CurrencyController - Info methode get aangeroepen voor alle currencies
[INFO ] 2018-01-07 14:24:00.789 [main] CurrencyApplication - Starting CurrencyApplication on DESKTOP-645KMI4 with PID 1724 (C:\Users\mark_\workspace\currencies\target\classes started by mark_ in C:\Users\mark_\workspace\currencies)
[INFO ] 2018-01-07 14:24:00.792 [main] CurrencyApplication - No active profile set, falling back to default profiles: default
[INFO ] 2018-01-07 14:24:05.899 [main] CurrencyApplication - Started CurrencyApplication in 5.326 seconds (JVM running for 5.991)
[INFO ] 2018-01-07 14:24:36.983 [main] CurrencyApplication - Starting CurrencyApplication on DESKTOP-645KMI4 with PID 10612 (C:\Users\mark_\workspace\currencies\target\classes started by mark_ in C:\Users\mark_\workspace\currencies)
[INFO ] 2018-01-07 14:24:36.987 [main] CurrencyApplication - No active profile set, falling back to default profiles: default
[INFO ] 2018-01-07 14:25:41.129 [main] CurrencyApplication - Starting CurrencyApplication on DESKTOP-645KMI4 with PID 9308 (C:\Users\mark_\workspace\currencies\target\classes started by mark_ in C:\Users\mark_\workspace\currencies)
[INFO ] 2018-01-07 14:25:41.133 [main] CurrencyApplication - No active profile set, falling back to default profiles: default
[INFO ] 2018-01-09 11:25:29.669 [main] CurrencyApplication - Starting CurrencyApplication on DESKTOP-645KMI4 with PID 10168 (C:\Users\mark_\workspace\currencies\target\classes started by mark_ in C:\Users\mark_\workspace\currencies)
[INFO ] 2018-01-09 11:25:29.742 [main] CurrencyApplication - No active profile set, falling back to default profiles: default
[INFO ] 2018-01-09 11:26:48.923 [main] CurrencyApplication - Starting CurrencyApplication on DESKTOP-645KMI4 with PID 10040 (C:\Users\mark_\workspace\currencies\target\classes started by mark_ in C:\Users\mark_\workspace\currencies)
[INFO ] 2018-01-09 11:26:48.926 [main] CurrencyApplication - No active profile set, falling back to default profiles: default
[INFO ] 2018-01-09 11:26:54.532 [main] CurrencyApplication - Started CurrencyApplication in 5.823 seconds (JVM running for 6.58)
[INFO ] 2018-01-09 11:28:55.611 [main] CurrencyApplication - Starting CurrencyApplication on DESKTOP-645KMI4 with PID 3900 (C:\Users\mark_\workspace\currencies\target\classes started by mark_ in C:\Users\mark_\workspace\currencies)
[INFO ] 2018-01-09 11:28:55.614 [main] CurrencyApplication - No active profile set, falling back to default profiles: default
[INFO ] 2018-01-09 11:29:00.484 [main] CurrencyApplication - Started CurrencyApplication in 5.1 seconds (JVM running for 5.748)
[INFO ] 2018-01-09 11:31:02.016 [main] CurrencyApplication - Starting CurrencyApplication on DESKTOP-645KMI4 with PID 12020 (C:\Users\mark_\workspace\currencies\target\classes started by mark_ in C:\Users\mark_\workspace\currencies)
[INFO ] 2018-01-09 11:31:02.021 [main] CurrencyApplication - No active profile set, falling back to default profiles: default
[INFO ] 2018-01-09 11:32:09.247 [main] CurrencyApplication - Starting CurrencyApplication on DESKTOP-645KMI4 with PID 10224 (C:\Users\mark_\workspace\currencies\target\classes started by mark_ in C:\Users\mark_\workspace\currencies)
[INFO ] 2018-01-09 11:32:09.250 [main] CurrencyApplication - No active profile set, falling back to default profiles: default
[INFO ] 2018-01-09 11:32:32.915 [main] CurrencyApplication - Starting CurrencyApplication on DESKTOP-645KMI4 with PID 8064 (C:\Users\mark_\workspace\currencies\target\classes started by mark_ in C:\Users\mark_\workspace\currencies)
[INFO ] 2018-01-09 11:32:32.918 [main] CurrencyApplication - No active profile set, falling back to default profiles: default
[INFO ] 2018-01-09 11:32:46.806 [main] CurrencyApplication - Starting CurrencyApplication on DESKTOP-645KMI4 with PID 13996 (C:\Users\mark_\workspace\currencies\target\classes started by mark_ in C:\Users\mark_\workspace\currencies)
[INFO ] 2018-01-09 11:32:46.810 [main] CurrencyApplication - No active profile set, falling back to default profiles: default
[INFO ] 2018-01-09 11:33:07.652 [main] CurrencyApplication - Starting CurrencyApplication on DESKTOP-645KMI4 with PID 10684 (C:\Users\mark_\workspace\currencies\target\classes started by mark_ in C:\Users\mark_\workspace\currencies)
[INFO ] 2018-01-09 11:33:07.657 [main] CurrencyApplication - No active profile set, falling back to default profiles: default
[INFO ] 2018-01-09 11:33:25.582 [main] CurrencyApplication - Starting CurrencyApplication on DESKTOP-645KMI4 with PID 9900 (C:\Users\mark_\workspace\currencies\target\classes started by mark_ in C:\Users\mark_\workspace\currencies)
[INFO ] 2018-01-09 11:33:25.585 [main] CurrencyApplication - No active profile set, falling back to default profiles: default
[INFO ] 2018-01-09 11:33:34.707 [main] CurrencyApplication - Starting CurrencyApplication on DESKTOP-645KMI4 with PID 1328 (C:\Users\mark_\workspace\currencies\target\classes started by mark_ in C:\Users\mark_\workspace\currencies)
[INFO ] 2018-01-09 11:33:34.710 [main] CurrencyApplication - No active profile set, falling back to default profiles: default
[INFO ] 2018-01-09 11:34:12.966 [main] CurrencyApplication - Starting CurrencyApplication on DESKTOP-645KMI4 with PID 12188 (C:\Users\mark_\workspace\currencies\target\classes started by mark_ in C:\Users\mark_\workspace\currencies)
[INFO ] 2018-01-09 11:34:12.969 [main] CurrencyApplication - No active profile set, falling back to default profiles: default
[INFO ] 2018-01-09 11:36:22.375 [main] CurrencyApplication - Starting CurrencyApplication on DESKTOP-645KMI4 with PID 4992 (C:\Users\mark_\workspace\currencies\target\classes started by mark_ in C:\Users\mark_\workspace\currencies)
[INFO ] 2018-01-09 11:36:22.379 [main] CurrencyApplication - No active profile set, falling back to default profiles: default
[INFO ] 2018-01-09 11:36:27.058 [main] CurrencyApplication - Started CurrencyApplication in 4.892 seconds (JVM running for 5.536)
[INFO ] 2018-01-09 11:37:16.557 [main] CurrencyApplication - Starting CurrencyApplication on DESKTOP-645KMI4 with PID 14316 (C:\Users\mark_\workspace\currencies\target\classes started by mark_ in C:\Users\mark_\workspace\currencies)
[INFO ] 2018-01-09 11:37:16.560 [main] CurrencyApplication - No active profile set, falling back to default profiles: default
[INFO ] 2018-01-09 11:38:32.530 [main] CurrencyApplication - Starting CurrencyApplication on DESKTOP-645KMI4 with PID 8788 (C:\Users\mark_\workspace\currencies\target\classes started by mark_ in C:\Users\mark_\workspace\currencies)
[INFO ] 2018-01-09 11:38:32.534 [main] CurrencyApplication - No active profile set, falling back to default profiles: default
[INFO ] 2018-01-09 11:38:37.548 [main] CurrencyApplication - Started CurrencyApplication in 5.232 seconds (JVM running for 5.892)
[INFO ] 2018-01-09 11:39:13.917 [main] CurrencyApplication - Starting CurrencyApplication on DESKTOP-645KMI4 with PID 8716 (C:\Users\mark_\workspace\currencies\target\classes started by mark_ in C:\Users\mark_\workspace\currencies)
[INFO ] 2018-01-09 11:39:13.920 [main] CurrencyApplication - No active profile set, falling back to default profiles: default
[INFO ] 2018-01-09 11:39:18.695 [main] CurrencyApplication - Started CurrencyApplication in 4.99 seconds (JVM running for 5.651)
[INFO ] 2018-01-09 11:40:13.770 [main] CurrencyApplication - Starting CurrencyApplication on DESKTOP-645KMI4 with PID 4316 (C:\Users\mark_\workspace\currencies\target\classes started by mark_ in C:\Users\mark_\workspace\currencies)
[INFO ] 2018-01-09 11:40:13.774 [main] CurrencyApplication - No active profile set, falling back to default profiles: default
[INFO ] 2018-01-09 11:55:28.436 [main] CurrencyApplication - Starting CurrencyApplication on DESKTOP-645KMI4 with PID 8780 (C:\Users\mark_\workspace\currencies\target\classes started by mark_ in C:\Users\mark_\workspace\currencies)
[INFO ] 2018-01-09 11:55:28.440 [main] CurrencyApplication - No active profile set, falling back to default profiles: default
[INFO ] 2018-01-09 11:55:33.345 [main] CurrencyApplication - Started CurrencyApplication in 5.122 seconds (JVM running for 5.814)
[INFO ] 2018-01-09 11:55:40.543 [main] CurrencyApplication - Starting CurrencyApplication on DESKTOP-645KMI4 with PID 7208 (C:\Users\mark_\workspace\currencies\target\classes started by mark_ in C:\Users\mark_\workspace\currencies)
[INFO ] 2018-01-09 11:55:40.547 [main] CurrencyApplication - No active profile set, falling back to default profiles: default
[INFO ] 2018-01-09 11:59:20.846 [main] CurrencyApplication - Starting CurrencyApplication on DESKTOP-645KMI4 with PID 3004 (C:\Users\mark_\workspace\currencies\target\classes started by mark_ in C:\Users\mark_\workspace\currencies)
[INFO ] 2018-01-09 11:59:20.850 [main] CurrencyApplication - No active profile set, falling back to default profiles: default
[INFO ] 2018-01-09 11:59:36.060 [main] CurrencyApplication - Starting CurrencyApplication on DESKTOP-645KMI4 with PID 9116 (C:\Users\mark_\workspace\currencies\target\classes started by mark_ in C:\Users\mark_\workspace\currencies)
[INFO ] 2018-01-09 11:59:36.064 [main] CurrencyApplication - No active profile set, falling back to default profiles: default
[INFO ] 2018-01-09 12:00:32.731 [main] CurrencyApplication - Starting CurrencyApplication on DESKTOP-645KMI4 with PID 8408 (C:\Users\mark_\workspace\currencies\target\classes started by mark_ in C:\Users\mark_\workspace\currencies)
[INFO ] 2018-01-09 12:00:32.735 [main] CurrencyApplication - No active profile set, falling back to default profiles: default
[INFO ] 2018-01-09 12:00:57.282 [main] CurrencyApplication - Starting CurrencyApplication on DESKTOP-645KMI4 with PID 9388 (C:\Users\mark_\workspace\currencies\target\classes started by mark_ in C:\Users\mark_\workspace\currencies)
[INFO ] 2018-01-09 12:00:57.285 [main] CurrencyApplication - No active profile set, falling back to default profiles: default
[INFO ] 2018-01-09 12:01:01.962 [main] CurrencyApplication - Started CurrencyApplication in 4.894 seconds (JVM running for 5.59)
[INFO ] 2018-01-09 12:01:25.209 [main] CurrencyApplication - Starting CurrencyApplication on DESKTOP-645KMI4 with PID 5308 (C:\Users\mark_\workspace\currencies\target\classes started by mark_ in C:\Users\mark_\workspace\currencies)
[INFO ] 2018-01-09 12:01:25.212 [main] CurrencyApplication - No active profile set, falling back to default profiles: default
[INFO ] 2018-01-09 12:01:29.976 [main] CurrencyApplication - Started CurrencyApplication in 4.98 seconds (JVM running for 5.723)
[INFO ] 2018-01-09 12:02:05.859 [main] CurrencyApplication - Starting CurrencyApplication on DESKTOP-645KMI4 with PID 10456 (C:\Users\mark_\workspace\currencies\target\classes started by mark_ in C:\Users\mark_\workspace\currencies)
[INFO ] 2018-01-09 12:02:05.862 [main] CurrencyApplication - No active profile set, falling back to default profiles: default
[INFO ] 2018-01-09 12:02:10.555 [main] CurrencyApplication - Started CurrencyApplication in 4.911 seconds (JVM running for 5.56)
[INFO ] 2018-01-09 12:03:08.212 [main] CurrencyApplication - Starting CurrencyApplication on DESKTOP-645KMI4 with PID 2248 (C:\Users\mark_\workspace\currencies\target\classes started by mark_ in C:\Users\mark_\workspace\currencies)
[INFO ] 2018-01-09 12:03:08.216 [main] CurrencyApplication - No active profile set, falling back to default profiles: default
[INFO ] 2018-01-09 12:03:13.039 [main] CurrencyApplication - Started CurrencyApplication in 5.043 seconds (JVM running for 5.674)
[INFO ] 2018-01-09 12:05:47.987 [main] CurrencyApplication - Starting CurrencyApplication on DESKTOP-645KMI4 with PID 10532 (C:\Users\mark_\workspace\currencies\target\classes started by mark_ in C:\Users\mark_\workspace\currencies)
[INFO ] 2018-01-09 12:05:47.991 [main] CurrencyApplication - No active profile set, falling back to default profiles: default
[INFO ] 2018-01-09 12:06:38.644 [main] CurrencyApplication - Starting CurrencyApplication on DESKTOP-645KMI4 with PID 1476 (C:\Users\mark_\workspace\currencies\target\classes started by mark_ in C:\Users\mark_\workspace\currencies)
[INFO ] 2018-01-09 12:06:38.648 [main] CurrencyApplication - No active profile set, falling back to default profiles: default
[INFO ] 2018-01-09 12:08:10.724 [main] CurrencyApplication - Starting CurrencyApplication on DESKTOP-645KMI4 with PID 6336 (C:\Users\mark_\workspace\currencies\target\classes started by mark_ in C:\Users\mark_\workspace\currencies)
[INFO ] 2018-01-09 12:08:10.728 [main] CurrencyApplication - No active profile set, falling back to default profiles: default
[INFO ] 2018-01-09 12:08:15.367 [main] CurrencyApplication - Started CurrencyApplication in 4.856 seconds (JVM running for 5.507)
[INFO ] 2018-01-09 12:08:26.807 [main] CurrencyApplication - Starting CurrencyApplication on DESKTOP-645KMI4 with PID 2632 (C:\Users\mark_\workspace\currencies\target\classes started by mark_ in C:\Users\mark_\workspace\currencies)
[INFO ] 2018-01-09 12:08:26.811 [main] CurrencyApplication - No active profile set, falling back to default profiles: default
[INFO ] 2018-01-09 12:08:48.306 [main] CurrencyApplication - Starting CurrencyApplication on DESKTOP-645KMI4 with PID 12808 (C:\Users\mark_\workspace\currencies\target\classes started by mark_ in C:\Users\mark_\workspace\currencies)
[INFO ] 2018-01-09 12:08:48.310 [main] CurrencyApplication - No active profile set, falling back to default profiles: default
[INFO ] 2018-01-09 12:08:53.056 [main] CurrencyApplication - Started CurrencyApplication in 4.96 seconds (JVM running for 5.593)
[INFO ] 2018-01-09 12:09:13.048 [main] CurrencyApplication - Starting CurrencyApplication on DESKTOP-645KMI4 with PID 12072 (C:\Users\mark_\workspace\currencies\target\classes started by mark_ in C:\Users\mark_\workspace\currencies)
[INFO ] 2018-01-09 12:09:13.052 [main] CurrencyApplication - No active profile set, falling back to default profiles: default
[INFO ] 2018-01-09 19:17:26.304 [main] CurrencyApplication - Starting CurrencyApplication on DESKTOP-645KMI4 with PID 10004 (C:\Users\mark_\workspace\currencies\target\classes started by mark_ in C:\Users\mark_\workspace\currencies)
[INFO ] 2018-01-09 19:17:26.308 [main] CurrencyApplication - No active profile set, falling back to default profiles: default
[INFO ] 2018-01-09 19:17:31.148 [main] CurrencyApplication - Started CurrencyApplication in 5.058 seconds (JVM running for 5.797)
[INFO ] 2018-01-09 19:18:44.710 [main] CurrencyApplication - Starting CurrencyApplication on DESKTOP-645KMI4 with PID 13816 (C:\Users\mark_\workspace\currencies\target\classes started by mark_ in C:\Users\mark_\workspace\currencies)
[INFO ] 2018-01-09 19:18:44.714 [main] CurrencyApplication - No active profile set, falling back to default profiles: default
[INFO ] 2018-01-09 19:19:08.849 [main] CurrencyApplication - Starting CurrencyApplication on DESKTOP-645KMI4 with PID 10896 (C:\Users\mark_\workspace\currencies\target\classes started by mark_ in C:\Users\mark_\workspace\currencies)
[INFO ] 2018-01-09 19:19:08.853 [main] CurrencyApplication - No active profile set, falling back to default profiles: default
[INFO ] 2018-01-09 19:19:13.386 [main] CurrencyApplication - Started CurrencyApplication in 4.829 seconds (JVM running for 5.502)
[INFO ] 2018-01-09 19:31:09.334 [main] CurrenciesApplicationTests - Starting CurrenciesApplicationTests on DESKTOP-645KMI4 with PID 10592 (started by mark_ in C:\Users\mark_\workspace\currencies)
[INFO ] 2018-01-09 19:31:09.339 [main] CurrenciesApplicationTests - No active profile set, falling back to default profiles: default
[INFO ] 2018-01-09 19:31:14.409 [main] CurrenciesApplicationTests - Started CurrenciesApplicationTests in 5.306 seconds (JVM running for 6.782)
[INFO ] 2018-01-09 19:31:14.752 [main] CurrencyController - Info methode put aangeroepen, currency wordt: com.api.currencies.start.Currency@336e3be2
[INFO ] 2018-01-09 19:31:14.843 [main] CurrencyController - Info methode get aangeroepen met ticker: putTest
[INFO ] 2018-01-09 19:31:15.051 [main] CurrencyController - Info methode get aangeroepen met ticker: BTC
[INFO ] 2018-01-09 19:31:15.062 [main] CurrencyController - Info methode post aangeroepen met currency: com.api.currencies.start.Currency@35454c7a
[INFO ] 2018-01-09 19:31:15.071 [main] CurrencyController - Info methode get aangeroepen voor alle currencies
[INFO ] 2018-01-09 19:31:15.093 [main] CurrencyController - Info methode post aangeroepen met currency: com.api.currencies.start.Currency@59e0d521
[INFO ] 2018-01-09 19:31:15.095 [main] CurrencyController - Info methode get aangeroepen met ticker: deleteTest
[INFO ] 2018-01-09 19:31:15.098 [main] CurrencyController - Info methode delete aangeroepen met ticker: deleteTest
[INFO ] 2018-01-09 19:43:49.947 [main] CurrencyApplication - Starting CurrencyApplication on DESKTOP-645KMI4 with PID 13320 (C:\Users\mark_\workspace\currencies\target\classes started by mark_ in C:\Users\mark_\workspace\currencies)
[INFO ] 2018-01-09 19:43:49.950 [main] CurrencyApplication - No active profile set, falling back to default profiles: default
[INFO ] 2018-01-09 19:43:54.831 [main] CurrencyApplication - Started CurrencyApplication in 5.1 seconds (JVM running for 5.74)
[INFO ] 2018-01-09 19:44:09.387 [main] CurrenciesApplicationTests - Starting CurrenciesApplicationTests on DESKTOP-645KMI4 with PID 13828 (started by mark_ in C:\Users\mark_\workspace\currencies)
[INFO ] 2018-01-09 19:44:09.394 [main] CurrenciesApplicationTests - No active profile set, falling back to default profiles: default
[INFO ] 2018-01-09 19:44:14.398 [main] CurrenciesApplicationTests - Started CurrenciesApplicationTests in 5.25 seconds (JVM running for 6.48)
[INFO ] 2018-01-09 19:44:14.726 [main] CurrencyController - Info methode get aangeroepen met ticker: BTC
[INFO ] 2018-01-09 19:44:15.013 [main] CurrencyController - Info methode get aangeroepen voor alle currencies
[INFO ] 2018-01-09 19:45:56.926 [main] CurrenciesApplicationTests - Starting CurrenciesApplicationTests on DESKTOP-645KMI4 with PID 9704 (started by mark_ in C:\Users\mark_\workspace\currencies)
[INFO ] 2018-01-09 19:45:56.931 [main] CurrenciesApplicationTests - No active profile set, falling back to default profiles: default
[INFO ] 2018-01-09 19:46:01.937 [main] CurrenciesApplicationTests - Started CurrenciesApplicationTests in 5.239 seconds (JVM running for 6.163)
[INFO ] 2018-01-09 19:46:02.129 [main] CurrencyController - Info methode put aangeroepen, currency wordt: com.api.currencies.start.Currency@28b5662d
[INFO ] 2018-01-09 19:46:02.188 [main] CurrencyController - Info methode get aangeroepen met ticker: putTest
[INFO ] 2018-01-09 19:46:02.348 [main] CurrencyController - Info methode get aangeroepen met ticker: BTC
[INFO ] 2018-01-09 19:46:02.358 [main] CurrencyController - Info methode post aangeroepen met currency: com.api.currencies.start.Currency@25464154
[INFO ] 2018-01-09 19:46:02.371 [main] CurrencyController - Info methode get aangeroepen voor alle currencies
[INFO ] 2018-01-09 19:46:02.391 [main] CurrencyController - Info methode post aangeroepen met currency: com.api.currencies.start.Currency@35454c7a
[INFO ] 2018-01-09 19:46:02.393 [main] CurrencyController - Info methode get aangeroepen met ticker: deleteTest
[INFO ] 2018-01-09 19:46:02.396 [main] CurrencyController - Info methode delete aangeroepen met ticker: deleteTest
[INFO ] 2018-01-09 19:46:14.620 [main] CurrenciesApplicationTests - Starting CurrenciesApplicationTests on DESKTOP-645KMI4 with PID 11440 (started by mark_ in C:\Users\mark_\workspace\currencies)
[INFO ] 2018-01-09 19:46:14.624 [main] CurrenciesApplicationTests - No active profile set, falling back to default profiles: default
[INFO ] 2018-01-09 19:46:19.620 [main] CurrenciesApplicationTests - Started CurrenciesApplicationTests in 5.246 seconds (JVM running for 6.158)
[INFO ] 2018-01-09 19:46:19.794 [main] CurrencyController - Info methode put aangeroepen, currency wordt: com.api.currencies.start.Currency@1a5b7394
[INFO ] 2018-01-09 19:46:19.850 [main] CurrencyController - Info methode get aangeroepen met ticker: putTest
[INFO ] 2018-01-09 19:46:20.011 [main] CurrencyController - Info methode get aangeroepen met ticker: BTC
[INFO ] 2018-01-09 19:46:20.022 [main] CurrencyController - Info methode post aangeroepen met currency: com.api.currencies.start.Currency@4b336cc8
[INFO ] 2018-01-09 19:46:20.032 [main] CurrencyController - Info methode get aangeroepen voor alle currencies
[INFO ] 2018-01-09 19:46:20.055 [main] CurrencyController - Info methode post aangeroepen met currency: com.api.currencies.start.Currency@2e426dd2
[INFO ] 2018-01-09 19:46:20.058 [main] CurrencyController - Info methode get aangeroepen met ticker: deleteTest
[INFO ] 2018-01-09 19:46:20.061 [main] CurrencyController - Info methode delete aangeroepen met ticker: deleteTest
[INFO ] 2018-01-09 19:46:54.503 [main] CurrenciesApplicationTests - Starting CurrenciesApplicationTests on DESKTOP-645KMI4 with PID 2196 (started by mark_ in C:\Users\mark_\workspace\currencies)
[INFO ] 2018-01-09 19:46:54.507 [main] CurrenciesApplicationTests - No active profile set, falling back to default profiles: default
[INFO ] 2018-01-09 19:46:59.317 [main] CurrenciesApplicationTests - Started CurrenciesApplicationTests in 5.058 seconds (JVM running for 6.095)
[INFO ] 2018-01-09 19:46:59.699 [main] CurrencyController - Info methode get aangeroepen met ticker: BTC
[INFO ] 2018-01-09 19:46:59.962 [main] CurrencyController - Info methode get aangeroepen voor alle currencies
[INFO ] 2018-01-09 19:47:08.471 [main] CurrenciesApplicationTests - Starting CurrenciesApplicationTests on DESKTOP-645KMI4 with PID 6500 (started by mark_ in C:\Users\mark_\workspace\currencies)
[INFO ] 2018-01-09 19:47:08.477 [main] CurrenciesApplicationTests - No active profile set, falling back to default profiles: default
[INFO ] 2018-01-09 19:47:13.308 [main] CurrenciesApplicationTests - Started CurrenciesApplicationTests in 5.069 seconds (JVM running for 5.968)
[INFO ] 2018-01-09 19:47:13.524 [main] CurrencyController - Info methode put aangeroepen, currency wordt: com.api.currencies.start.Currency@70543cae
[INFO ] 2018-01-09 19:47:13.591 [main] CurrencyController - Info methode get aangeroepen met ticker: putTest
[INFO ] 2018-01-09 19:47:13.767 [main] CurrencyController - Info methode get aangeroepen met ticker: BTC
[INFO ] 2018-01-09 19:47:13.779 [main] CurrencyController - Info methode post aangeroepen met currency: com.api.currencies.start.Currency@6ea3a513
[INFO ] 2018-01-09 19:47:13.788 [main] CurrencyController - Info methode get aangeroepen voor alle currencies
[INFO ] 2018-01-09 19:47:13.810 [main] CurrencyController - Info methode post aangeroepen met currency: com.api.currencies.start.Currency@19ac93d2
[INFO ] 2018-01-09 19:47:13.812 [main] CurrencyController - Info methode get aangeroepen met ticker: deleteTest
[INFO ] 2018-01-09 19:47:13.815 [main] CurrencyController - Info methode delete aangeroepen met ticker: deleteTest
[INFO ] 2018-01-09 19:48:12.063 [main] CurrenciesApplicationTests - Starting CurrenciesApplicationTests on DESKTOP-645KMI4 with PID 12704 (started by mark_ in C:\Users\mark_\workspace\currencies)
[INFO ] 2018-01-09 19:48:12.067 [main] CurrenciesApplicationTests - No active profile set, falling back to default profiles: default
[INFO ] 2018-01-09 19:48:15.105 [main] CurrenciesApplicationTests - Starting CurrenciesApplicationTests on DESKTOP-645KMI4 with PID 12704 (started by mark_ in C:\Users\mark_\workspace\currencies)
[INFO ] 2018-01-09 19:48:15.106 [main] CurrenciesApplicationTests - No active profile set, falling back to default profiles: default
[INFO ] 2018-01-09 19:48:16.263 [main] CurrenciesApplicationTests - Starting CurrenciesApplicationTests on DESKTOP-645KMI4 with PID 12704 (started by mark_ in C:\Users\mark_\workspace\currencies)
[INFO ] 2018-01-09 19:48:16.263 [main] CurrenciesApplicationTests - No active profile set, falling back to default profiles: default
[INFO ] 2018-01-09 19:48:17.324 [main] CurrenciesApplicationTests - Starting CurrenciesApplicationTests on DESKTOP-645KMI4 with PID 12704 (started by mark_ in C:\Users\mark_\workspace\currencies)
[INFO ] 2018-01-09 19:48:17.325 [main] CurrenciesApplicationTests - No active profile set, falling back to default profiles: default
[INFO ] 2018-01-09 19:48:18.080 [main] CurrenciesApplicationTests - Starting CurrenciesApplicationTests on DESKTOP-645KMI4 with PID 12704 (started by mark_ in C:\Users\mark_\workspace\currencies)
[INFO ] 2018-01-09 19:48:18.081 [main] CurrenciesApplicationTests - No active profile set, falling back to default profiles: default
[INFO ] 2018-01-09 19:48:35.059 [main] CurrencyApplication - Starting CurrencyApplication on DESKTOP-645KMI4 with PID 12928 (C:\Users\mark_\workspace\currencies\target\classes started by mark_ in C:\Users\mark_\workspace\currencies)
[INFO ] 2018-01-09 19:48:35.064 [main] CurrencyApplication - No active profile set, falling back to default profiles: default
[INFO ] 2018-01-09 19:48:40.031 [main] CurrencyApplication - Started CurrencyApplication in 5.195 seconds (JVM running for 5.878)
[INFO ] 2018-01-09 19:50:15.921 [main] CurrenciesApplicationTests - Starting CurrenciesApplicationTests on DESKTOP-645KMI4 with PID 13124 (started by mark_ in C:\Users\mark_\workspace\currencies)
[INFO ] 2018-01-09 19:50:15.925 [main] CurrenciesApplicationTests - No active profile set, falling back to default profiles: default
[INFO ] 2018-01-09 19:50:18.994 [main] CurrenciesApplicationTests - Starting CurrenciesApplicationTests on DESKTOP-645KMI4 with PID 13124 (started by mark_ in C:\Users\mark_\workspace\currencies)
[INFO ] 2018-01-09 19:50:18.995 [main] CurrenciesApplicationTests - No active profile set, falling back to default profiles: default
[INFO ] 2018-01-09 19:50:20.146 [main] CurrenciesApplicationTests - Starting CurrenciesApplicationTests on DESKTOP-645KMI4 with PID 13124 (started by mark_ in C:\Users\mark_\workspace\currencies)
[INFO ] 2018-01-09 19:50:20.167 [main] CurrenciesApplicationTests - No active profile set, falling back to default profiles: default
[INFO ] 2018-01-09 19:50:21.109 [main] CurrenciesApplicationTests - Starting CurrenciesApplicationTests on DESKTOP-645KMI4 with PID 13124 (started by mark_ in C:\Users\mark_\workspace\currencies)
[INFO ] 2018-01-09 19:50:21.110 [main] CurrenciesApplicationTests - No active profile set, falling back to default profiles: default
[INFO ] 2018-01-09 19:50:21.918 [main] CurrenciesApplicationTests - Starting CurrenciesApplicationTests on DESKTOP-645KMI4 with PID 13124 (started by mark_ in C:\Users\mark_\workspace\currencies)
[INFO ] 2018-01-09 19:50:21.918 [main] CurrenciesApplicationTests - No active profile set, falling back to default profiles: default
[INFO ] 2018-01-09 19:53:22.330 [main] CurrenciesApplicationTests - Starting CurrenciesApplicationTests on DESKTOP-645KMI4 with PID 6472 (started by mark_ in C:\Users\mark_\workspace\currencies)
[INFO ] 2018-01-09 19:53:22.334 [main] CurrenciesApplicationTests - No active profile set, falling back to default profiles: default
[INFO ] 2018-01-09 19:53:25.773 [main] CurrenciesApplicationTests - Starting CurrenciesApplicationTests on DESKTOP-645KMI4 with PID 6472 (started by mark_ in C:\Users\mark_\workspace\currencies)
[INFO ] 2018-01-09 19:53:25.773 [main] CurrenciesApplicationTests - No active profile set, falling back to default profiles: default
[INFO ] 2018-01-09 19:53:27.318 [main] CurrenciesApplicationTests - Starting CurrenciesApplicationTests on DESKTOP-645KMI4 with PID 6472 (started by mark_ in C:\Users\mark_\workspace\currencies)
[INFO ] 2018-01-09 19:53:27.319 [main] CurrenciesApplicationTests - No active profile set, falling back to default profiles: default
[INFO ] 2018-01-09 19:53:28.229 [main] CurrenciesApplicationTests - Starting CurrenciesApplicationTests on DESKTOP-645KMI4 with PID 6472 (started by mark_ in C:\Users\mark_\workspace\currencies)
[INFO ] 2018-01-09 19:53:28.229 [main] CurrenciesApplicationTests - No active profile set, falling back to default profiles: default
[INFO ] 2018-01-09 19:53:28.993 [main] CurrenciesApplicationTests - Starting CurrenciesApplicationTests on DESKTOP-645KMI4 with PID 6472 (started by mark_ in C:\Users\mark_\workspace\currencies)
[INFO ] 2018-01-09 19:53:28.994 [main] CurrenciesApplicationTests - No active profile set, falling back to default profiles: default
[INFO ] 2018-01-09 19:54:49.175 [main] CurrencyApplication - Starting CurrencyApplication on DESKTOP-645KMI4 with PID 9624 (C:\Users\mark_\workspace\currencies\target\classes started by mark_ in C:\Users\mark_\workspace\currencies)
[INFO ] 2018-01-09 19:54:49.179 [main] CurrencyApplication - No active profile set, falling back to default profiles: default
[INFO ] 2018-01-09 19:54:54.058 [main] CurrencyApplication - Started CurrencyApplication in 5.1 seconds (JVM running for 5.746)
[INFO ] 2018-01-09 19:56:40.584 [main] CurrenciesApplicationTests - Starting CurrenciesApplicationTests on DESKTOP-645KMI4 with PID 4064 (started by mark_ in C:\Users\mark_\workspace\currencies)
[INFO ] 2018-01-09 19:56:40.588 [main] CurrenciesApplicationTests - No active profile set, falling back to default profiles: default
[INFO ] 2018-01-09 19:56:45.767 [main] CurrenciesApplicationTests - Started CurrenciesApplicationTests in 5.52 seconds (JVM running for 6.704)
[INFO ] 2018-01-09 19:56:46.061 [main] CurrencyController - Info methode put aangeroepen, currency wordt: com.api.currencies.start.Currency@59371066
[INFO ] 2018-01-09 19:56:46.123 [main] CurrencyController - Info methode get aangeroepen met ticker: putTest
[INFO ] 2018-01-09 19:56:46.303 [main] CurrencyController - Info methode get aangeroepen met ticker: BTC
[INFO ] 2018-01-09 19:56:46.315 [main] CurrencyController - Info methode post aangeroepen met currency: com.api.currencies.start.Currency@288409f0
[INFO ] 2018-01-09 19:56:46.325 [main] CurrencyController - Info methode get aangeroepen voor alle currencies
[INFO ] 2018-01-09 19:56:46.347 [main] CurrencyController - Info methode post aangeroepen met currency: com.api.currencies.start.Currency@2efcc0b3
[INFO ] 2018-01-09 19:56:46.350 [main] CurrencyController - Info methode get aangeroepen met ticker: deleteTest
[INFO ] 2018-01-09 19:56:46.353 [main] CurrencyController - Info methode delete aangeroepen met ticker: deleteTest
[INFO ] 2018-01-09 20:16:40.848 [main] CurrencyApplication - Starting CurrencyApplication on DESKTOP-645KMI4 with PID 5856 (C:\Users\mark_\workspace\currencies\target\classes started by mark_ in C:\Users\mark_\workspace\currencies)
[INFO ] 2018-01-09 20:16:40.868 [main] CurrencyApplication - No active profile set, falling back to default profiles: default
[INFO ] 2018-01-09 20:16:45.716 [main] CurrencyApplication - Started CurrencyApplication in 5.086 seconds (JVM running for 5.903)
[INFO ] 2018-01-09 20:16:54.071 [main] CurrenciesApplicationTests - Starting CurrenciesApplicationTests on DESKTOP-645KMI4 with PID 5368 (started by mark_ in C:\Users\mark_\workspace\currencies)
[INFO ] 2018-01-09 20:16:54.075 [main] CurrenciesApplicationTests - No active profile set, falling back to default profiles: default
[INFO ] 2018-01-09 20:17:02.711 [main] CurrenciesApplicationTests - Started CurrenciesApplicationTests in 8.888 seconds (JVM running for 10.159)
[INFO ] 2018-01-09 20:17:02.894 [main] CurrencyController - Info methode put aangeroepen, currency wordt: com.api.currencies.start.Currency@38fb151a
[INFO ] 2018-01-09 20:17:02.961 [main] CurrencyController - Info methode get aangeroepen met ticker: putTest
[INFO ] 2018-01-09 20:17:03.182 [main] CurrencyController - Info methode get aangeroepen met ticker: BTC
[INFO ] 2018-01-09 20:17:03.200 [main] CurrencyController - Info methode post aangeroepen met currency: com.api.currencies.start.Currency@160c7c42
[INFO ] 2018-01-09 20:17:03.215 [main] CurrencyController - Info methode get aangeroepen voor alle currencies
[INFO ] 2018-01-09 20:17:03.244 [main] CurrencyController - Info methode post aangeroepen met currency: com.api.currencies.start.Currency@7b3c0ecb
[INFO ] 2018-01-09 20:17:03.247 [main] CurrencyController - Info methode get aangeroepen met ticker: deleteTest
[INFO ] 2018-01-09 20:17:03.251 [main] CurrencyController - Info methode delete aangeroepen met ticker: deleteTest
[INFO ] 2018-01-09 20:27:04.109 [main] CurrenciesApplicationTests - Starting CurrenciesApplicationTests on DESKTOP-645KMI4 with PID 9332 (started by mark_ in C:\Users\mark_\workspace\currencies)
[INFO ] 2018-01-09 20:27:04.114 [main] CurrenciesApplicationTests - No active profile set, falling back to default profiles: default
[INFO ] 2018-01-09 20:27:09.387 [main] CurrenciesApplicationTests - Started CurrenciesApplicationTests in 5.554 seconds (JVM running for 6.472)
[INFO ] 2018-01-09 20:27:09.570 [main] CurrencyController - Info methode get aangeroepen met ticker: BTC
[INFO ] 2018-01-09 20:27:09.830 [main] CurrencyController - Info methode get aangeroepen voor alle currencies
[INFO ] 2018-01-09 20:28:28.904 [main] CurrenciesApplicationTests - Starting CurrenciesApplicationTests on DESKTOP-645KMI4 with PID 8340 (started by mark_ in C:\Users\mark_\workspace\currencies)
[INFO ] 2018-01-09 20:28:28.908 [main] CurrenciesApplicationTests - No active profile set, falling back to default profiles: default
[INFO ] 2018-01-09 20:28:34.058 [main] CurrenciesApplicationTests - Started CurrenciesApplicationTests in 5.394 seconds (JVM running for 6.514)
[INFO ] 2018-01-09 20:28:34.322 [main] CurrencyController - Info methode put aangeroepen, currency wordt: com.api.currencies.start.Currency@2d4e99de
[INFO ] 2018-01-09 20:28:34.394 [main] CurrencyController - Info methode get aangeroepen met ticker: putTest
[INFO ] 2018-01-09 20:28:34.554 [main] CurrencyController - Info methode get aangeroepen met ticker: BTC
[INFO ] 2018-01-09 20:28:34.564 [main] CurrencyController - Info methode post aangeroepen met currency: com.api.currencies.start.Currency@18513c23
[INFO ] 2018-01-09 20:28:34.574 [main] CurrencyController - Info methode get aangeroepen voor alle currencies
[INFO ] 2018-01-09 20:28:34.594 [main] CurrencyController - Info methode post aangeroepen met currency: com.api.currencies.start.Currency@4f541e67
[INFO ] 2018-01-09 20:28:34.596 [main] CurrencyController - Info methode get aangeroepen met ticker: deleteTest
[INFO ] 2018-01-09 20:28:34.599 [main] CurrencyController - Info methode delete aangeroepen met ticker: deleteTest
[INFO ] 2018-01-09 20:33:07.516 [main] CurrenciesApplicationTests - Starting CurrenciesApplicationTests on DESKTOP-645KMI4 with PID 13856 (started by mark_ in C:\Users\mark_\workspace\currencies)
[INFO ] 2018-01-09 20:33:07.521 [main] CurrenciesApplicationTests - No active profile set, falling back to default profiles: default
[INFO ] 2018-01-09 20:33:12.728 [main] CurrenciesApplicationTests - Started CurrenciesApplicationTests in 5.492 seconds (JVM running for 6.626)
[INFO ] 2018-01-09 20:33:13.087 [main] CurrencyController - Info methode put aangeroepen, currency wordt: com.api.currencies.start.Currency@38929da
[INFO ] 2018-01-09 20:33:13.175 [main] CurrencyController - Info methode get aangeroepen met ticker: putTest
[INFO ] 2018-01-09 20:35:36.443 [main] CurrenciesApplicationTests - Starting CurrenciesApplicationTests on DESKTOP-645KMI4 with PID 8984 (started by mark_ in C:\Users\mark_\workspace\currencies)
[INFO ] 2018-01-09 20:35:36.447 [main] CurrenciesApplicationTests - No active profile set, falling back to default profiles: default
[INFO ] 2018-01-09 20:35:41.501 [main] CurrenciesApplicationTests - Started CurrenciesApplicationTests in 5.297 seconds (JVM running for 6.263)
[INFO ] 2018-01-09 20:35:41.739 [main] CurrencyController - Info methode put aangeroepen, currency wordt: com.api.currencies.start.Currency@175ac243
[INFO ] 2018-01-09 20:35:41.810 [main] CurrencyController - Info methode get aangeroepen met ticker: putTest
[INFO ] 2018-01-09 20:36:22.977 [main] CurrenciesApplicationTests - Starting CurrenciesApplicationTests on DESKTOP-645KMI4 with PID 580 (started by mark_ in C:\Users\mark_\workspace\currencies)
[INFO ] 2018-01-09 20:36:22.982 [main] CurrenciesApplicationTests - No active profile set, falling back to default profiles: default
[INFO ] 2018-01-09 20:36:28.261 [main] CurrenciesApplicationTests - Started CurrenciesApplicationTests in 5.544 seconds (JVM running for 6.511)
[INFO ] 2018-01-09 20:36:28.528 [main] CurrencyController - Info methode put aangeroepen, currency wordt: com.api.currencies.start.Currency@38929da
[INFO ] 2018-01-09 20:36:28.591 [main] CurrencyController - Info methode get aangeroepen met ticker: putTest
[INFO ] 2018-01-09 20:40:25.500 [main] CurrenciesApplicationTests - Starting CurrenciesApplicationTests on DESKTOP-645KMI4 with PID 2272 (started by mark_ in C:\Users\mark_\workspace\currencies)
[INFO ] 2018-01-09 20:40:25.507 [main] CurrenciesApplicationTests - No active profile set, falling back to default profiles: default
[INFO ] 2018-01-09 20:40:31.142 [main] CurrenciesApplicationTests - Started CurrenciesApplicationTests in 5.915 seconds (JVM running for 7.027)
[INFO ] 2018-01-09 20:40:31.425 [main] CurrencyController - Info methode put aangeroepen, currency wordt: com.api.currencies.start.Currency@38fb151a
[INFO ] 2018-01-09 20:40:31.497 [main] CurrencyController - Info methode get aangeroepen met ticker: putTest
[INFO ] 2018-01-09 20:40:31.655 [main] CurrencyController - Info methode get aangeroepen met ticker: BTC
[INFO ] 2018-01-09 20:40:31.675 [main] CurrencyController - Info methode post aangeroepen met currency: com.api.currencies.start.Currency@160c7c42
[INFO ] 2018-01-09 20:40:31.685 [main] CurrencyController - Info methode get aangeroepen voor alle currencies
[INFO ] 2018-01-09 20:40:31.707 [main] CurrencyController - Info methode post aangeroepen met currency: com.api.currencies.start.Currency@7b3c0ecb
[INFO ] 2018-01-09 20:40:31.709 [main] CurrencyController - Info methode get aangeroepen met ticker: deleteTest
[INFO ] 2018-01-09 20:40:31.713 [main] CurrencyController - Info methode delete aangeroepen met ticker: deleteTest
